<?xml version="1.0" encoding="UTF-8"?>
<!-- Generated by org.testng.reporters.JUnitReportReporter -->
<testsuite hostname="hp" name="NewTest" tests="1" failures="0" timestamp="9 Jun 2017 06:19:09 GMT" time="70.263" errors="0">
  <testcase name="f" time="70.263" classname="NewTest"/>
</testsuite> <!-- NewTest -->
